This file contains any messages produced by compilers while
running configure, to aid debugging if configure makes a mistake.

It was created by JAGS-ZIBG configure 1.0, which was
generated by GNU Autoconf 2.69.  Invocation command line was

  $ ./configure 

## --------- ##
## Platform. ##
## --------- ##

hostname = yulan-MS-7B79
uname -m = x86_64
uname -r = 5.4.0-48-generic
uname -s = Linux
uname -v = #52-Ubuntu SMP Thu Sep 10 10:58:49 UTC 2020

/usr/bin/uname -p = unknown
/bin/uname -X     = unknown

/bin/arch              = unknown
/usr/bin/arch -k       = unknown
/usr/convex/getsysinfo = unknown
/usr/bin/hostinfo      = unknown
/bin/machine           = unknown
/usr/bin/oslevel       = unknown
/bin/universe          = unknown

PATH: /usr/local/sbin
PATH: /usr/local/bin
PATH: /usr/sbin
PATH: /usr/bin
PATH: /sbin
PATH: /bin
PATH: /usr/games
PATH: /usr/local/games
PATH: /snap/bin


## ----------- ##
## Core tests. ##
## ----------- ##

configure:2441: checking build system type
configure:2455: result: x86_64-pc-linux-gnu
configure:2475: checking host system type
configure:2488: result: x86_64-pc-linux-gnu
configure:2529: checking for a BSD-compatible install
configure:2597: result: /usr/bin/install -c
configure:2608: checking whether build environment is sane
configure:2663: result: yes
configure:2812: checking for a thread-safe mkdir -p
configure:2851: result: /bin/mkdir -p
configure:2858: checking for gawk
configure:2888: result: no
configure:2858: checking for mawk
configure:2874: found /usr/bin/mawk
configure:2885: result: mawk
configure:2896: checking whether make sets $(MAKE)
configure:2918: result: yes
configure:2947: checking whether make supports nested variables
configure:2964: result: yes
configure:3145: checking how to print strings
configure:3172: result: printf
configure:3197: checking whether make supports the include directive
configure:3212: make -f confmf.GNU && cat confinc.out
this is the am__doit target
configure:3215: $? = 0
configure:3234: result: yes (GNU style)
configure:3304: checking for gcc
configure:3320: found /usr/bin/gcc
configure:3331: result: gcc
configure:3560: checking for C compiler version
configure:3569: gcc --version >&5
gcc (Ubuntu 9.3.0-10ubuntu2) 9.3.0
Copyright (C) 2019 Free Software Foundation, Inc.
This is free software; see the source for copying conditions.  There is NO
warranty; not even for MERCHANTABILITY or FITNESS FOR A PARTICULAR PURPOSE.

configure:3580: $? = 0
configure:3569: gcc -v >&5
Using built-in specs.
COLLECT_GCC=gcc
COLLECT_LTO_WRAPPER=/usr/lib/gcc/x86_64-linux-gnu/9/lto-wrapper
OFFLOAD_TARGET_NAMES=nvptx-none:hsa
OFFLOAD_TARGET_DEFAULT=1
Target: x86_64-linux-gnu
Configured with: ../src/configure -v --with-pkgversion='Ubuntu 9.3.0-10ubuntu2' --with-bugurl=file:///usr/share/doc/gcc-9/README.Bugs --enable-languages=c,ada,c++,go,brig,d,fortran,objc,obj-c++,gm2 --prefix=/usr --with-gcc-major-version-only --program-suffix=-9 --program-prefix=x86_64-linux-gnu- --enable-shared --enable-linker-build-id --libexecdir=/usr/lib --without-included-gettext --enable-threads=posix --libdir=/usr/lib --enable-nls --enable-clocale=gnu --enable-libstdcxx-debug --enable-libstdcxx-time=yes --with-default-libstdcxx-abi=new --enable-gnu-unique-object --disable-vtable-verify --enable-plugin --enable-default-pie --with-system-zlib --with-target-system-zlib=auto --enable-objc-gc=auto --enable-multiarch --disable-werror --with-arch-32=i686 --with-abi=m64 --with-multilib-list=m32,m64,mx32 --enable-multilib --with-tune=generic --enable-offload-targets=nvptx-none,hsa --without-cuda-driver --enable-checking=release --build=x86_64-linux-gnu --host=x86_64-linux-gnu --target=x86_64-linux-gnu
Thread model: posix
gcc version 9.3.0 (Ubuntu 9.3.0-10ubuntu2) 
configure:3580: $? = 0
configure:3569: gcc -V >&5
gcc: error: unrecognized command line option '-V'
gcc: fatal error: no input files
compilation terminated.
configure:3580: $? = 1
configure:3569: gcc -qversion >&5
gcc: error: unrecognized command line option '-qversion'; did you mean '--version'?
gcc: fatal error: no input files
compilation terminated.
configure:3580: $? = 1
configure:3600: checking whether the C compiler works
configure:3622: gcc    conftest.c  >&5
configure:3626: $? = 0
configure:3674: result: yes
configure:3677: checking for C compiler default output file name
configure:3679: result: a.out
configure:3685: checking for suffix of executables
configure:3692: gcc -o conftest    conftest.c  >&5
configure:3696: $? = 0
configure:3718: result: 
configure:3740: checking whether we are cross compiling
configure:3748: gcc -o conftest    conftest.c  >&5
configure:3752: $? = 0
configure:3759: ./conftest
configure:3763: $? = 0
configure:3751: result: no
configure:3756: checking for suffix of object files
configure:3778: gcc -c   conftest.c >&5
configure:3782: $? = 0
configure:3803: result: o
configure:3807: checking whether we are using the GNU C compiler
configure:3826: gcc -c   conftest.c >&5
configure:3826: $? = 0
configure:3835: result: yes
configure:3844: checking whether gcc accepts -g
configure:3864: gcc -c -g  conftest.c >&5
configure:3864: $? = 0
configure:3905: result: yes
configure:3922: checking for gcc option to accept ISO C89
configure:3985: gcc  -c -g -O2  conftest.c >&5
configure:3985: $? = 0
configure:3998: result: none needed
configure:4023: checking whether gcc understands -c and -o together
configure:4045: gcc -c conftest.c -o conftest2.o
configure:4048: $? = 0
configure:4045: gcc -c conftest.c -o conftest2.o
configure:4048: $? = 0
configure:4060: result: yes
configure:4079: checking dependency style of gcc
configure:4190: result: gcc3
configure:4205: checking for a sed that does not truncate output
configure:4269: result: /bin/sed
configure:4287: checking for grep that handles long lines and -e
configure:4345: result: /bin/grep
configure:4350: checking for egrep
configure:4412: result: /bin/grep -E
configure:4417: checking for fgrep
configure:4479: result: /bin/grep -F
configure:4514: checking for ld used by gcc
configure:4581: result: /usr/bin/ld
configure:4588: checking if the linker (/usr/bin/ld) is GNU ld
configure:4603: result: yes
configure:4615: checking for BSD- or MS-compatible name lister (nm)
configure:4669: result: /usr/bin/nm -B
configure:4799: checking the name lister (/usr/bin/nm -B) interface
configure:4806: gcc -c -g -O2  conftest.c >&5
configure:4809: /usr/bin/nm -B "conftest.o"
configure:4812: output
0000000000000000 B some_variable
configure:4813: result: BSD nm
configure:4816: checking whether ln -s works
configure:4820: result: yes
configure:4828: checking the maximum length of command line arguments
configure:4959: result: 1572864
configure:5007: checking how to convert x86_64-pc-linux-gnu file names to x86_64-pc-linux-gnu format
configure:5047: result: func_convert_file_noop
configure:5054: checking how to convert x86_64-pc-linux-gnu file names to toolchain format
configure:5074: result: func_convert_file_noop
configure:5081: checking for /usr/bin/ld option to reload object files
configure:5088: result: -r
configure:5162: checking for objdump
configure:5178: found /usr/bin/objdump
configure:5189: result: objdump
configure:5218: checking how to recognize dependent libraries
configure:5418: result: pass_all
configure:5503: checking for dlltool
configure:5533: result: no
configure:5560: checking how to associate runtime and link libraries
configure:5587: result: printf %s\n
configure:5648: checking for ar
configure:5664: found /usr/bin/ar
configure:5675: result: ar
configure:5712: checking for archiver @FILE support
configure:5729: gcc -c -g -O2  conftest.c >&5
configure:5729: $? = 0
configure:5732: ar cr libconftest.a @conftest.lst >&5
configure:5735: $? = 0
configure:5740: ar cr libconftest.a @conftest.lst >&5
ar: conftest.o: No such file or directory
configure:5743: $? = 1
configure:5742: result: @
configure:5800: checking for strip
configure:5816: found /usr/bin/strip
configure:5827: result: strip
configure:5899: checking for ranlib
configure:5915: found /usr/bin/ranlib
configure:5926: result: ranlib
configure:6028: checking command to parse /usr/bin/nm -B output from gcc object
configure:6181: gcc -c -g -O2  conftest.c >&5
configure:6184: $? = 0
configure:6188: /usr/bin/nm -B conftest.o | sed -n -e 's/^.*[	 ]\([ABCDGIRSTW][ABCDGIRSTW]*\)[	 ][	 ]*\([_A-Za-z][_A-Za-z0-9]*\)$/\1 \2 \2/p' | sed '/ __gnu_lto/d' > conftest.nm
configure:6254: gcc -o conftest -g -O2   conftest.c conftstm.o >&5
configure:6257: $? = 0
configure:6295: result: ok
configure:6342: checking for sysroot
configure:6372: result: no
configure:6379: checking for a working dd
configure:6417: result: /bin/dd
configure:6421: checking how to truncate binary pipes
configure:6436: result: /bin/dd bs=4096 count=1
configure:6572: gcc -c -g -O2  conftest.c >&5
configure:6575: $? = 0
configure:6765: checking for mt
configure:6781: found /bin/mt
configure:6792: result: mt
configure:6815: checking if mt is a manifest tool
configure:6821: mt '-?'
configure:6829: result: no
configure:7506: checking how to run the C preprocessor
configure:7537: gcc -E  conftest.c
configure:7537: $? = 0
configure:7551: gcc -E  conftest.c
conftest.c:11:10: fatal error: ac_nonexistent.h: No such file or directory
   11 | #include <ac_nonexistent.h>
      |          ^~~~~~~~~~~~~~~~~~
compilation terminated.
configure:7551: $? = 1
configure: failed program was:
| /* confdefs.h */
| #define PACKAGE_NAME "JAGS-ZIBG"
| #define PACKAGE_TARNAME "JAGS-ZIBG-MODULE"
| #define PACKAGE_VERSION "1.0"
| #define PACKAGE_STRING "JAGS-ZIBG 1.0"
| #define PACKAGE_BUGREPORT "yulanvanoppen@gmail.com"
| #define PACKAGE_URL ""
| #define PACKAGE "JAGS-ZIBG-MODULE"
| #define VERSION "1.0"
| /* end confdefs.h.  */
| #include <ac_nonexistent.h>
configure:7576: result: gcc -E
configure:7596: gcc -E  conftest.c
configure:7596: $? = 0
configure:7610: gcc -E  conftest.c
conftest.c:11:10: fatal error: ac_nonexistent.h: No such file or directory
   11 | #include <ac_nonexistent.h>
      |          ^~~~~~~~~~~~~~~~~~
compilation terminated.
configure:7610: $? = 1
configure: failed program was:
| /* confdefs.h */
| #define PACKAGE_NAME "JAGS-ZIBG"
| #define PACKAGE_TARNAME "JAGS-ZIBG-MODULE"
| #define PACKAGE_VERSION "1.0"
| #define PACKAGE_STRING "JAGS-ZIBG 1.0"
| #define PACKAGE_BUGREPORT "yulanvanoppen@gmail.com"
| #define PACKAGE_URL ""
| #define PACKAGE "JAGS-ZIBG-MODULE"
| #define VERSION "1.0"
| /* end confdefs.h.  */
| #include <ac_nonexistent.h>
configure:7639: checking for ANSI C header files
configure:7659: gcc -c -g -O2  conftest.c >&5
configure:7659: $? = 0
configure:7732: gcc -o conftest -g -O2   conftest.c  >&5
configure:7732: $? = 0
configure:7732: ./conftest
configure:7732: $? = 0
configure:7743: result: yes
configure:7756: checking for sys/types.h
configure:7756: gcc -c -g -O2  conftest.c >&5
configure:7756: $? = 0
configure:7756: result: yes
configure:7756: checking for sys/stat.h
configure:7756: gcc -c -g -O2  conftest.c >&5
configure:7756: $? = 0
configure:7756: result: yes
configure:7756: checking for stdlib.h
configure:7756: gcc -c -g -O2  conftest.c >&5
configure:7756: $? = 0
configure:7756: result: yes
configure:7756: checking for string.h
configure:7756: gcc -c -g -O2  conftest.c >&5
configure:7756: $? = 0
configure:7756: result: yes
configure:7756: checking for memory.h
configure:7756: gcc -c -g -O2  conftest.c >&5
configure:7756: $? = 0
configure:7756: result: yes
configure:7756: checking for strings.h
configure:7756: gcc -c -g -O2  conftest.c >&5
configure:7756: $? = 0
configure:7756: result: yes
configure:7756: checking for inttypes.h
configure:7756: gcc -c -g -O2  conftest.c >&5
configure:7756: $? = 0
configure:7756: result: yes
configure:7756: checking for stdint.h
configure:7756: gcc -c -g -O2  conftest.c >&5
configure:7756: $? = 0
configure:7756: result: yes
configure:7756: checking for unistd.h
configure:7756: gcc -c -g -O2  conftest.c >&5
configure:7756: $? = 0
configure:7756: result: yes
configure:7770: checking for dlfcn.h
configure:7770: gcc -c -g -O2  conftest.c >&5
configure:7770: $? = 0
configure:7770: result: yes
configure:8322: checking for objdir
configure:8337: result: .libs
configure:8601: checking if gcc supports -fno-rtti -fno-exceptions
configure:8619: gcc -c -g -O2  -fno-rtti -fno-exceptions conftest.c >&5
cc1: warning: command line option '-fno-rtti' is valid for C++/D/ObjC++ but not for C
configure:8623: $? = 0
configure:8636: result: no
configure:9000: checking for gcc option to produce PIC
configure:9007: result: -fPIC -DPIC
configure:9015: checking if gcc PIC flag -fPIC -DPIC works
configure:9033: gcc -c -g -O2  -fPIC -DPIC -DPIC conftest.c >&5
configure:9037: $? = 0
configure:9050: result: yes
configure:9079: checking if gcc static flag -static works
configure:9107: result: yes
configure:9122: checking if gcc supports -c -o file.o
configure:9143: gcc -c -g -O2  -o out/conftest2.o conftest.c >&5
configure:9147: $? = 0
configure:9169: result: yes
configure:9177: checking if gcc supports -c -o file.o
configure:9224: result: yes
configure:9257: checking whether the gcc linker (/usr/bin/ld -m elf_x86_64) supports shared libraries
configure:10520: result: yes
configure:10557: checking whether -lc should be explicitly linked in
configure:10565: gcc -c -g -O2  conftest.c >&5
configure:10568: $? = 0
configure:10583: gcc -shared  -fPIC -DPIC conftest.o  -v -Wl,-soname -Wl,conftest -o conftest 2\>\&1 \| /bin/grep  -lc  \>/dev/null 2\>\&1
configure:10586: $? = 0
configure:10600: result: no
configure:10760: checking dynamic linker characteristics
configure:11341: gcc -o conftest -g -O2   -Wl,-rpath -Wl,/foo conftest.c  >&5
configure:11341: $? = 0
configure:11590: result: GNU/Linux ld.so
configure:11712: checking how to hardcode library paths into programs
configure:11737: result: immediate
configure:11839: checking for shl_load
configure:11839: gcc -o conftest -g -O2   conftest.c  >&5
/usr/bin/ld: /tmp/ccXoKTRe.o: in function `main':
/home/yulan/JAGS/modules/ZIBG2/conftest.c:57: undefined reference to `shl_load'
collect2: error: ld returned 1 exit status
configure:11839: $? = 1
configure: failed program was:
| /* confdefs.h */
| #define PACKAGE_NAME "JAGS-ZIBG"
| #define PACKAGE_TARNAME "JAGS-ZIBG-MODULE"
| #define PACKAGE_VERSION "1.0"
| #define PACKAGE_STRING "JAGS-ZIBG 1.0"
| #define PACKAGE_BUGREPORT "yulanvanoppen@gmail.com"
| #define PACKAGE_URL ""
| #define PACKAGE "JAGS-ZIBG-MODULE"
| #define VERSION "1.0"
| #define STDC_HEADERS 1
| #define HAVE_SYS_TYPES_H 1
| #define HAVE_SYS_STAT_H 1
| #define HAVE_STDLIB_H 1
| #define HAVE_STRING_H 1
| #define HAVE_MEMORY_H 1
| #define HAVE_STRINGS_H 1
| #define HAVE_INTTYPES_H 1
| #define HAVE_STDINT_H 1
| #define HAVE_UNISTD_H 1
| #define HAVE_DLFCN_H 1
| #define LT_OBJDIR ".libs/"
| /* end confdefs.h.  */
| /* Define shl_load to an innocuous variant, in case <limits.h> declares shl_load.
|    For example, HP-UX 11i <limits.h> declares gettimeofday.  */
| #define shl_load innocuous_shl_load
| 
| /* System header to define __stub macros and hopefully few prototypes,
|     which can conflict with char shl_load (); below.
|     Prefer <limits.h> to <assert.h> if __STDC__ is defined, since
|     <limits.h> exists even on freestanding compilers.  */
| 
| #ifdef __STDC__
| # include <limits.h>
| #else
| # include <assert.h>
| #endif
| 
| #undef shl_load
| 
| /* Override any GCC internal prototype to avoid an error.
|    Use char because int might match the return type of a GCC
|    builtin and then its argument prototype would still apply.  */
| #ifdef __cplusplus
| extern "C"
| #endif
| char shl_load ();
| /* The GNU C library defines this for functions which it implements
|     to always fail with ENOSYS.  Some functions are actually named
|     something starting with __ and the normal name is an alias.  */
| #if defined __stub_shl_load || defined __stub___shl_load
| choke me
| #endif
| 
| int
| main ()
| {
| return shl_load ();
|   ;
|   return 0;
| }
configure:11839: result: no
configure:11843: checking for shl_load in -ldld
configure:11868: gcc -o conftest -g -O2   conftest.c -ldld   >&5
/usr/bin/ld: cannot find -ldld
collect2: error: ld returned 1 exit status
configure:11868: $? = 1
configure: failed program was:
| /* confdefs.h */
| #define PACKAGE_NAME "JAGS-ZIBG"
| #define PACKAGE_TARNAME "JAGS-ZIBG-MODULE"
| #define PACKAGE_VERSION "1.0"
| #define PACKAGE_STRING "JAGS-ZIBG 1.0"
| #define PACKAGE_BUGREPORT "yulanvanoppen@gmail.com"
| #define PACKAGE_URL ""
| #define PACKAGE "JAGS-ZIBG-MODULE"
| #define VERSION "1.0"
| #define STDC_HEADERS 1
| #define HAVE_SYS_TYPES_H 1
| #define HAVE_SYS_STAT_H 1
| #define HAVE_STDLIB_H 1
| #define HAVE_STRING_H 1
| #define HAVE_MEMORY_H 1
| #define HAVE_STRINGS_H 1
| #define HAVE_INTTYPES_H 1
| #define HAVE_STDINT_H 1
| #define HAVE_UNISTD_H 1
| #define HAVE_DLFCN_H 1
| #define LT_OBJDIR ".libs/"
| /* end confdefs.h.  */
| 
| /* Override any GCC internal prototype to avoid an error.
|    Use char because int might match the return type of a GCC
|    builtin and then its argument prototype would still apply.  */
| #ifdef __cplusplus
| extern "C"
| #endif
| char shl_load ();
| int
| main ()
| {
| return shl_load ();
|   ;
|   return 0;
| }
configure:11877: result: no
configure:11882: checking for dlopen
configure:11882: gcc -o conftest -g -O2   conftest.c  >&5
/usr/bin/ld: /tmp/ccRv1MZp.o: in function `main':
/home/yulan/JAGS/modules/ZIBG2/conftest.c:57: undefined reference to `dlopen'
collect2: error: ld returned 1 exit status
configure:11882: $? = 1
configure: failed program was:
| /* confdefs.h */
| #define PACKAGE_NAME "JAGS-ZIBG"
| #define PACKAGE_TARNAME "JAGS-ZIBG-MODULE"
| #define PACKAGE_VERSION "1.0"
| #define PACKAGE_STRING "JAGS-ZIBG 1.0"
| #define PACKAGE_BUGREPORT "yulanvanoppen@gmail.com"
| #define PACKAGE_URL ""
| #define PACKAGE "JAGS-ZIBG-MODULE"
| #define VERSION "1.0"
| #define STDC_HEADERS 1
| #define HAVE_SYS_TYPES_H 1
| #define HAVE_SYS_STAT_H 1
| #define HAVE_STDLIB_H 1
| #define HAVE_STRING_H 1
| #define HAVE_MEMORY_H 1
| #define HAVE_STRINGS_H 1
| #define HAVE_INTTYPES_H 1
| #define HAVE_STDINT_H 1
| #define HAVE_UNISTD_H 1
| #define HAVE_DLFCN_H 1
| #define LT_OBJDIR ".libs/"
| /* end confdefs.h.  */
| /* Define dlopen to an innocuous variant, in case <limits.h> declares dlopen.
|    For example, HP-UX 11i <limits.h> declares gettimeofday.  */
| #define dlopen innocuous_dlopen
| 
| /* System header to define __stub macros and hopefully few prototypes,
|     which can conflict with char dlopen (); below.
|     Prefer <limits.h> to <assert.h> if __STDC__ is defined, since
|     <limits.h> exists even on freestanding compilers.  */
| 
| #ifdef __STDC__
| # include <limits.h>
| #else
| # include <assert.h>
| #endif
| 
| #undef dlopen
| 
| /* Override any GCC internal prototype to avoid an error.
|    Use char because int might match the return type of a GCC
|    builtin and then its argument prototype would still apply.  */
| #ifdef __cplusplus
| extern "C"
| #endif
| char dlopen ();
| /* The GNU C library defines this for functions which it implements
|     to always fail with ENOSYS.  Some functions are actually named
|     something starting with __ and the normal name is an alias.  */
| #if defined __stub_dlopen || defined __stub___dlopen
| choke me
| #endif
| 
| int
| main ()
| {
| return dlopen ();
|   ;
|   return 0;
| }
configure:11882: result: no
configure:11886: checking for dlopen in -ldl
configure:11911: gcc -o conftest -g -O2   conftest.c -ldl   >&5
configure:11911: $? = 0
configure:11920: result: yes
configure:12039: checking whether a program can dlopen itself
configure:12119: gcc -o conftest -g -O2  -DHAVE_DLFCN_H  -Wl,--export-dynamic conftest.c -ldl  >&5
configure:12122: $? = 0
configure:12140: result: yes
configure:12145: checking whether a statically linked program can dlopen itself
configure:12225: gcc -o conftest -g -O2  -DHAVE_DLFCN_H  -Wl,--export-dynamic -static conftest.c -ldl  >&5
/usr/bin/ld: /tmp/ccHSiYeQ.o: in function `main':
/home/yulan/JAGS/modules/ZIBG2/configure:12204: warning: Using 'dlopen' in statically linked applications requires at runtime the shared libraries from the glibc version used for linking
configure:12228: $? = 0
conftest: undefined symbol: _fnord
configure:12246: result: no
configure:12285: checking whether stripping libraries is possible
configure:12290: result: yes
configure:12325: checking if libtool supports shared libraries
configure:12327: result: yes
configure:12330: checking whether to build shared libraries
configure:12355: result: yes
configure:12358: checking whether to build static libraries
configure:12362: result: no
configure:9175: checking what extension is used for runtime loadable modules
configure:9187: result: .so
configure:9211: checking what variable specifies run-time module search path
configure:9218: result: LD_LIBRARY_PATH
configure:9228: checking for the default library search path
configure:9235: result: /lib /usr/lib /usr/lib/x86_64-linux-gnu/libfakeroot /usr/local/lib /usr/local/lib/x86_64-linux-gnu /lib/x86_64-linux-gnu /usr/lib/x86_64-linux-gnu /lib32 /usr/lib32 
configure:9266: checking for library containing dlopen
configure:9297: gcc -o conftest -g -O2   conftest.c  >&5
/usr/bin/ld: /tmp/cc2Yblk4.o: in function `main':
/home/yulan/JAGS/modules/ZIBG2/conftest.c:37: undefined reference to `dlopen'
collect2: error: ld returned 1 exit status
configure:9297: $? = 1
configure: failed program was:
| /* confdefs.h */
| #define PACKAGE_NAME "JAGS-ZIBG"
| #define PACKAGE_TARNAME "JAGS-ZIBG-MODULE"
| #define PACKAGE_VERSION "1.0"
| #define PACKAGE_STRING "JAGS-ZIBG 1.0"
| #define PACKAGE_BUGREPORT "yulanvanoppen@gmail.com"
| #define PACKAGE_URL ""
| #define PACKAGE "JAGS-ZIBG-MODULE"
| #define VERSION "1.0"
| #define STDC_HEADERS 1
| #define HAVE_SYS_TYPES_H 1
| #define HAVE_SYS_STAT_H 1
| #define HAVE_STDLIB_H 1
| #define HAVE_STRING_H 1
| #define HAVE_MEMORY_H 1
| #define HAVE_STRINGS_H 1
| #define HAVE_INTTYPES_H 1
| #define HAVE_STDINT_H 1
| #define HAVE_UNISTD_H 1
| #define HAVE_DLFCN_H 1
| #define LT_OBJDIR ".libs/"
| #define LT_MODULE_EXT ".so"
| #define LT_MODULE_PATH_VAR "LD_LIBRARY_PATH"
| #define LT_DLSEARCH_PATH "/lib:/usr/lib:/usr/lib/x86_64-linux-gnu/libfakeroot:/usr/local/lib:/usr/local/lib/x86_64-linux-gnu:/lib/x86_64-linux-gnu:/usr/lib/x86_64-linux-gnu:/lib32:/usr/lib32"
| /* end confdefs.h.  */
| 
| /* Override any GCC internal prototype to avoid an error.
|    Use char because int might match the return type of a GCC
|    builtin and then its argument prototype would still apply.  */
| #ifdef __cplusplus
| extern "C"
| #endif
| char dlopen ();
| int
| main ()
| {
| return dlopen ();
|   ;
|   return 0;
| }
configure:9297: gcc -o conftest -g -O2   conftest.c -ldl   >&5
configure:9297: $? = 0
configure:9314: result: -ldl
configure:9404: checking for dlerror
configure:9404: gcc -o conftest -g -O2   conftest.c -ldl  -ldl >&5
configure:9404: $? = 0
configure:9404: result: yes
configure:9418: checking for shl_load
configure:9418: result: no
configure:9425: checking for shl_load in -ldld
configure:9459: result: no
configure:9505: checking for dld_link in -ldld
configure:9530: gcc -o conftest -g -O2   conftest.c -ldld  -ldl  >&5
/usr/bin/ld: cannot find -ldld
collect2: error: ld returned 1 exit status
configure:9530: $? = 1
configure: failed program was:
| /* confdefs.h */
| #define PACKAGE_NAME "JAGS-ZIBG"
| #define PACKAGE_TARNAME "JAGS-ZIBG-MODULE"
| #define PACKAGE_VERSION "1.0"
| #define PACKAGE_STRING "JAGS-ZIBG 1.0"
| #define PACKAGE_BUGREPORT "yulanvanoppen@gmail.com"
| #define PACKAGE_URL ""
| #define PACKAGE "JAGS-ZIBG-MODULE"
| #define VERSION "1.0"
| #define STDC_HEADERS 1
| #define HAVE_SYS_TYPES_H 1
| #define HAVE_SYS_STAT_H 1
| #define HAVE_STDLIB_H 1
| #define HAVE_STRING_H 1
| #define HAVE_MEMORY_H 1
| #define HAVE_STRINGS_H 1
| #define HAVE_INTTYPES_H 1
| #define HAVE_STDINT_H 1
| #define HAVE_UNISTD_H 1
| #define HAVE_DLFCN_H 1
| #define LT_OBJDIR ".libs/"
| #define LT_MODULE_EXT ".so"
| #define LT_MODULE_PATH_VAR "LD_LIBRARY_PATH"
| #define LT_DLSEARCH_PATH "/lib:/usr/lib:/usr/lib/x86_64-linux-gnu/libfakeroot:/usr/local/lib:/usr/local/lib/x86_64-linux-gnu:/lib/x86_64-linux-gnu:/usr/lib/x86_64-linux-gnu:/lib32:/usr/lib32"
| #define HAVE_LIBDL 1
| #define HAVE_DLERROR 1
| /* end confdefs.h.  */
| 
| /* Override any GCC internal prototype to avoid an error.
|    Use char because int might match the return type of a GCC
|    builtin and then its argument prototype would still apply.  */
| #ifdef __cplusplus
| extern "C"
| #endif
| char dld_link ();
| int
| main ()
| {
| return dld_link ();
|   ;
|   return 0;
| }
configure:9539: result: no
configure:9574: checking for _ prefix in compiled symbols
configure:9584: gcc -c -g -O2  conftest.c >&5
configure:9587: $? = 0
configure:9591: /usr/bin/nm -B conftest.o \| sed -n -e 's/^.*[	 ]\([ABCDGIRSTW][ABCDGIRSTW]*\)[	 ][	 ]*\([_A-Za-z][_A-Za-z0-9]*\)$/\1 \2 \2/p' | sed '/ __gnu_lto/d' \> conftest.nm
configure:9594: $? = 0
configure:9616: result: no
configure:9733: checking whether deplibs are loaded by dlopen
configure:9830: result: yes
configure:9841: checking for argz.h
configure:9841: gcc -c -g -O2  conftest.c >&5
configure:9841: $? = 0
configure:9841: result: yes
configure:9853: checking for error_t
configure:9853: gcc -c -g -O2  conftest.c >&5
configure:9853: $? = 0
configure:9853: gcc -c -g -O2  conftest.c >&5
conftest.c: In function 'main':
conftest.c:37:22: error: expected expression before ')' token
   37 | if (sizeof ((error_t)))
      |                      ^
configure:9853: $? = 1
configure: failed program was:
| /* confdefs.h */
| #define PACKAGE_NAME "JAGS-ZIBG"
| #define PACKAGE_TARNAME "JAGS-ZIBG-MODULE"
| #define PACKAGE_VERSION "1.0"
| #define PACKAGE_STRING "JAGS-ZIBG 1.0"
| #define PACKAGE_BUGREPORT "yulanvanoppen@gmail.com"
| #define PACKAGE_URL ""
| #define PACKAGE "JAGS-ZIBG-MODULE"
| #define VERSION "1.0"
| #define STDC_HEADERS 1
| #define HAVE_SYS_TYPES_H 1
| #define HAVE_SYS_STAT_H 1
| #define HAVE_STDLIB_H 1
| #define HAVE_STRING_H 1
| #define HAVE_MEMORY_H 1
| #define HAVE_STRINGS_H 1
| #define HAVE_INTTYPES_H 1
| #define HAVE_STDINT_H 1
| #define HAVE_UNISTD_H 1
| #define HAVE_DLFCN_H 1
| #define LT_OBJDIR ".libs/"
| #define LT_MODULE_EXT ".so"
| #define LT_MODULE_PATH_VAR "LD_LIBRARY_PATH"
| #define LT_DLSEARCH_PATH "/lib:/usr/lib:/usr/lib/x86_64-linux-gnu/libfakeroot:/usr/local/lib:/usr/local/lib/x86_64-linux-gnu:/lib/x86_64-linux-gnu:/usr/lib/x86_64-linux-gnu:/lib32:/usr/lib32"
| #define HAVE_LIBDL 1
| #define HAVE_DLERROR 1
| #define HAVE_LIBDLLOADER 1
| #define HAVE_ARGZ_H 1
| /* end confdefs.h.  */
| #if defined(HAVE_ARGZ_H)
| #  include <argz.h>
| #endif
| 
| int
| main ()
| {
| if (sizeof ((error_t)))
| 	    return 0;
|   ;
|   return 0;
| }
configure:9853: result: yes
configure:9879: checking for argz_add
configure:9879: gcc -o conftest -g -O2   conftest.c  >&5
configure:9879: $? = 0
configure:9879: result: yes
configure:9879: checking for argz_append
configure:9879: gcc -o conftest -g -O2   conftest.c  >&5
configure:9879: $? = 0
configure:9879: result: yes
configure:9879: checking for argz_count
configure:9879: gcc -o conftest -g -O2   conftest.c  >&5
configure:9879: $? = 0
configure:9879: result: yes
configure:9879: checking for argz_create_sep
configure:9879: gcc -o conftest -g -O2   conftest.c  >&5
configure:9879: $? = 0
configure:9879: result: yes
configure:9879: checking for argz_insert
configure:9879: gcc -o conftest -g -O2   conftest.c  >&5
configure:9879: $? = 0
configure:9879: result: yes
configure:9879: checking for argz_next
configure:9879: gcc -o conftest -g -O2   conftest.c  >&5
configure:9879: $? = 0
configure:9879: result: yes
configure:9879: checking for argz_stringify
configure:9879: gcc -o conftest -g -O2   conftest.c  >&5
configure:9879: $? = 0
configure:9879: result: yes
configure:9895: checking if argz actually works
configure:9926: result: yes
configure:9943: checking whether libtool supports -dlopen/-dlpreopen
configure:9955: result: yes
configure:9984: checking for ltdl.h
configure:9984: gcc -c -g -O2  conftest.c >&5
configure:9984: $? = 0
configure:9984: result: yes
configure:9988: checking whether lt_dlinterface_register is declared
configure:9988: gcc -c -g -O2  conftest.c >&5
configure:9988: $? = 0
configure:9988: result: yes
configure:9992: checking for lt_dladvise_preload in -lltdl
configure:10017: gcc -o conftest -g -O2   conftest.c -lltdl   >&5
configure:10017: $? = 0
configure:10026: result: yes
configure:10121: checking where to find libltdl headers
configure:10123: result: 
configure:10125: checking where to find libltdl library
configure:10127: result: -lltdl
configure:10175: checking for unistd.h
configure:10175: result: yes
configure:10175: checking for dl.h
configure:10175: gcc -c -g -O2  conftest.c >&5
conftest.c:76:10: fatal error: dl.h: No such file or directory
   76 | #include <dl.h>
      |          ^~~~~~
compilation terminated.
configure:10175: $? = 1
configure: failed program was:
| /* confdefs.h */
| #define PACKAGE_NAME "JAGS-ZIBG"
| #define PACKAGE_TARNAME "JAGS-ZIBG-MODULE"
| #define PACKAGE_VERSION "1.0"
| #define PACKAGE_STRING "JAGS-ZIBG 1.0"
| #define PACKAGE_BUGREPORT "yulanvanoppen@gmail.com"
| #define PACKAGE_URL ""
| #define PACKAGE "JAGS-ZIBG-MODULE"
| #define VERSION "1.0"
| #define STDC_HEADERS 1
| #define HAVE_SYS_TYPES_H 1
| #define HAVE_SYS_STAT_H 1
| #define HAVE_STDLIB_H 1
| #define HAVE_STRING_H 1
| #define HAVE_MEMORY_H 1
| #define HAVE_STRINGS_H 1
| #define HAVE_INTTYPES_H 1
| #define HAVE_STDINT_H 1
| #define HAVE_UNISTD_H 1
| #define HAVE_DLFCN_H 1
| #define LT_OBJDIR ".libs/"
| #define LT_MODULE_EXT ".so"
| #define LT_MODULE_PATH_VAR "LD_LIBRARY_PATH"
| #define LT_DLSEARCH_PATH "/lib:/usr/lib:/usr/lib/x86_64-linux-gnu/libfakeroot:/usr/local/lib:/usr/local/lib/x86_64-linux-gnu:/lib/x86_64-linux-gnu:/usr/lib/x86_64-linux-gnu:/lib32:/usr/lib32"
| #define HAVE_LIBDL 1
| #define HAVE_DLERROR 1
| #define HAVE_LIBDLLOADER 1
| #define HAVE_ARGZ_H 1
| #define HAVE_ERROR_T 1
| #define HAVE_ARGZ_ADD 1
| #define HAVE_ARGZ_APPEND 1
| #define HAVE_ARGZ_COUNT 1
| #define HAVE_ARGZ_CREATE_SEP 1
| #define HAVE_ARGZ_INSERT 1
| #define HAVE_ARGZ_NEXT 1
| #define HAVE_ARGZ_STRINGIFY 1
| #define HAVE_WORKING_ARGZ 1
| #define HAVE_PRELOADED_SYMBOLS 1
| #define HAVE_LTDL 1
| #define HAVE_UNISTD_H 1
| /* end confdefs.h.  */
| #include <stdio.h>
| #ifdef HAVE_SYS_TYPES_H
| # include <sys/types.h>
| #endif
| #ifdef HAVE_SYS_STAT_H
| # include <sys/stat.h>
| #endif
| #ifdef STDC_HEADERS
| # include <stdlib.h>
| # include <stddef.h>
| #else
| # ifdef HAVE_STDLIB_H
| #  include <stdlib.h>
| # endif
| #endif
| #ifdef HAVE_STRING_H
| # if !defined STDC_HEADERS && defined HAVE_MEMORY_H
| #  include <memory.h>
| # endif
| # include <string.h>
| #endif
| #ifdef HAVE_STRINGS_H
| # include <strings.h>
| #endif
| #ifdef HAVE_INTTYPES_H
| # include <inttypes.h>
| #endif
| #ifdef HAVE_STDINT_H
| # include <stdint.h>
| #endif
| #ifdef HAVE_UNISTD_H
| # include <unistd.h>
| #endif
| 
| #include <dl.h>
configure:10175: result: no
configure:10175: checking for sys/dl.h
configure:10175: gcc -c -g -O2  conftest.c >&5
conftest.c:76:10: fatal error: sys/dl.h: No such file or directory
   76 | #include <sys/dl.h>
      |          ^~~~~~~~~~
compilation terminated.
configure:10175: $? = 1
configure: failed program was:
| /* confdefs.h */
| #define PACKAGE_NAME "JAGS-ZIBG"
| #define PACKAGE_TARNAME "JAGS-ZIBG-MODULE"
| #define PACKAGE_VERSION "1.0"
| #define PACKAGE_STRING "JAGS-ZIBG 1.0"
| #define PACKAGE_BUGREPORT "yulanvanoppen@gmail.com"
| #define PACKAGE_URL ""
| #define PACKAGE "JAGS-ZIBG-MODULE"
| #define VERSION "1.0"
| #define STDC_HEADERS 1
| #define HAVE_SYS_TYPES_H 1
| #define HAVE_SYS_STAT_H 1
| #define HAVE_STDLIB_H 1
| #define HAVE_STRING_H 1
| #define HAVE_MEMORY_H 1
| #define HAVE_STRINGS_H 1
| #define HAVE_INTTYPES_H 1
| #define HAVE_STDINT_H 1
| #define HAVE_UNISTD_H 1
| #define HAVE_DLFCN_H 1
| #define LT_OBJDIR ".libs/"
| #define LT_MODULE_EXT ".so"
| #define LT_MODULE_PATH_VAR "LD_LIBRARY_PATH"
| #define LT_DLSEARCH_PATH "/lib:/usr/lib:/usr/lib/x86_64-linux-gnu/libfakeroot:/usr/local/lib:/usr/local/lib/x86_64-linux-gnu:/lib/x86_64-linux-gnu:/usr/lib/x86_64-linux-gnu:/lib32:/usr/lib32"
| #define HAVE_LIBDL 1
| #define HAVE_DLERROR 1
| #define HAVE_LIBDLLOADER 1
| #define HAVE_ARGZ_H 1
| #define HAVE_ERROR_T 1
| #define HAVE_ARGZ_ADD 1
| #define HAVE_ARGZ_APPEND 1
| #define HAVE_ARGZ_COUNT 1
| #define HAVE_ARGZ_CREATE_SEP 1
| #define HAVE_ARGZ_INSERT 1
| #define HAVE_ARGZ_NEXT 1
| #define HAVE_ARGZ_STRINGIFY 1
| #define HAVE_WORKING_ARGZ 1
| #define HAVE_PRELOADED_SYMBOLS 1
| #define HAVE_LTDL 1
| #define HAVE_UNISTD_H 1
| /* end confdefs.h.  */
| #include <stdio.h>
| #ifdef HAVE_SYS_TYPES_H
| # include <sys/types.h>
| #endif
| #ifdef HAVE_SYS_STAT_H
| # include <sys/stat.h>
| #endif
| #ifdef STDC_HEADERS
| # include <stdlib.h>
| # include <stddef.h>
| #else
| # ifdef HAVE_STDLIB_H
| #  include <stdlib.h>
| # endif
| #endif
| #ifdef HAVE_STRING_H
| # if !defined STDC_HEADERS && defined HAVE_MEMORY_H
| #  include <memory.h>
| # endif
| # include <string.h>
| #endif
| #ifdef HAVE_STRINGS_H
| # include <strings.h>
| #endif
| #ifdef HAVE_INTTYPES_H
| # include <inttypes.h>
| #endif
| #ifdef HAVE_STDINT_H
| # include <stdint.h>
| #endif
| #ifdef HAVE_UNISTD_H
| # include <unistd.h>
| #endif
| 
| #include <sys/dl.h>
configure:10175: result: no
configure:10175: checking for dld.h
configure:10175: gcc -c -g -O2  conftest.c >&5
conftest.c:76:10: fatal error: dld.h: No such file or directory
   76 | #include <dld.h>
      |          ^~~~~~~
compilation terminated.
configure:10175: $? = 1
configure: failed program was:
| /* confdefs.h */
| #define PACKAGE_NAME "JAGS-ZIBG"
| #define PACKAGE_TARNAME "JAGS-ZIBG-MODULE"
| #define PACKAGE_VERSION "1.0"
| #define PACKAGE_STRING "JAGS-ZIBG 1.0"
| #define PACKAGE_BUGREPORT "yulanvanoppen@gmail.com"
| #define PACKAGE_URL ""
| #define PACKAGE "JAGS-ZIBG-MODULE"
| #define VERSION "1.0"
| #define STDC_HEADERS 1
| #define HAVE_SYS_TYPES_H 1
| #define HAVE_SYS_STAT_H 1
| #define HAVE_STDLIB_H 1
| #define HAVE_STRING_H 1
| #define HAVE_MEMORY_H 1
| #define HAVE_STRINGS_H 1
| #define HAVE_INTTYPES_H 1
| #define HAVE_STDINT_H 1
| #define HAVE_UNISTD_H 1
| #define HAVE_DLFCN_H 1
| #define LT_OBJDIR ".libs/"
| #define LT_MODULE_EXT ".so"
| #define LT_MODULE_PATH_VAR "LD_LIBRARY_PATH"
| #define LT_DLSEARCH_PATH "/lib:/usr/lib:/usr/lib/x86_64-linux-gnu/libfakeroot:/usr/local/lib:/usr/local/lib/x86_64-linux-gnu:/lib/x86_64-linux-gnu:/usr/lib/x86_64-linux-gnu:/lib32:/usr/lib32"
| #define HAVE_LIBDL 1
| #define HAVE_DLERROR 1
| #define HAVE_LIBDLLOADER 1
| #define HAVE_ARGZ_H 1
| #define HAVE_ERROR_T 1
| #define HAVE_ARGZ_ADD 1
| #define HAVE_ARGZ_APPEND 1
| #define HAVE_ARGZ_COUNT 1
| #define HAVE_ARGZ_CREATE_SEP 1
| #define HAVE_ARGZ_INSERT 1
| #define HAVE_ARGZ_NEXT 1
| #define HAVE_ARGZ_STRINGIFY 1
| #define HAVE_WORKING_ARGZ 1
| #define HAVE_PRELOADED_SYMBOLS 1
| #define HAVE_LTDL 1
| #define HAVE_UNISTD_H 1
| /* end confdefs.h.  */
| #include <stdio.h>
| #ifdef HAVE_SYS_TYPES_H
| # include <sys/types.h>
| #endif
| #ifdef HAVE_SYS_STAT_H
| # include <sys/stat.h>
| #endif
| #ifdef STDC_HEADERS
| # include <stdlib.h>
| # include <stddef.h>
| #else
| # ifdef HAVE_STDLIB_H
| #  include <stdlib.h>
| # endif
| #endif
| #ifdef HAVE_STRING_H
| # if !defined STDC_HEADERS && defined HAVE_MEMORY_H
| #  include <memory.h>
| # endif
| # include <string.h>
| #endif
| #ifdef HAVE_STRINGS_H
| # include <strings.h>
| #endif
| #ifdef HAVE_INTTYPES_H
| # include <inttypes.h>
| #endif
| #ifdef HAVE_STDINT_H
| # include <stdint.h>
| #endif
| #ifdef HAVE_UNISTD_H
| # include <unistd.h>
| #endif
| 
| #include <dld.h>
configure:10175: result: no
configure:10175: checking for mach-o/dyld.h
configure:10175: gcc -c -g -O2  conftest.c >&5
conftest.c:76:10: fatal error: mach-o/dyld.h: No such file or directory
   76 | #include <mach-o/dyld.h>
      |          ^~~~~~~~~~~~~~~
compilation terminated.
configure:10175: $? = 1
configure: failed program was:
| /* confdefs.h */
| #define PACKAGE_NAME "JAGS-ZIBG"
| #define PACKAGE_TARNAME "JAGS-ZIBG-MODULE"
| #define PACKAGE_VERSION "1.0"
| #define PACKAGE_STRING "JAGS-ZIBG 1.0"
| #define PACKAGE_BUGREPORT "yulanvanoppen@gmail.com"
| #define PACKAGE_URL ""
| #define PACKAGE "JAGS-ZIBG-MODULE"
| #define VERSION "1.0"
| #define STDC_HEADERS 1
| #define HAVE_SYS_TYPES_H 1
| #define HAVE_SYS_STAT_H 1
| #define HAVE_STDLIB_H 1
| #define HAVE_STRING_H 1
| #define HAVE_MEMORY_H 1
| #define HAVE_STRINGS_H 1
| #define HAVE_INTTYPES_H 1
| #define HAVE_STDINT_H 1
| #define HAVE_UNISTD_H 1
| #define HAVE_DLFCN_H 1
| #define LT_OBJDIR ".libs/"
| #define LT_MODULE_EXT ".so"
| #define LT_MODULE_PATH_VAR "LD_LIBRARY_PATH"
| #define LT_DLSEARCH_PATH "/lib:/usr/lib:/usr/lib/x86_64-linux-gnu/libfakeroot:/usr/local/lib:/usr/local/lib/x86_64-linux-gnu:/lib/x86_64-linux-gnu:/usr/lib/x86_64-linux-gnu:/lib32:/usr/lib32"
| #define HAVE_LIBDL 1
| #define HAVE_DLERROR 1
| #define HAVE_LIBDLLOADER 1
| #define HAVE_ARGZ_H 1
| #define HAVE_ERROR_T 1
| #define HAVE_ARGZ_ADD 1
| #define HAVE_ARGZ_APPEND 1
| #define HAVE_ARGZ_COUNT 1
| #define HAVE_ARGZ_CREATE_SEP 1
| #define HAVE_ARGZ_INSERT 1
| #define HAVE_ARGZ_NEXT 1
| #define HAVE_ARGZ_STRINGIFY 1
| #define HAVE_WORKING_ARGZ 1
| #define HAVE_PRELOADED_SYMBOLS 1
| #define HAVE_LTDL 1
| #define HAVE_UNISTD_H 1
| /* end confdefs.h.  */
| #include <stdio.h>
| #ifdef HAVE_SYS_TYPES_H
| # include <sys/types.h>
| #endif
| #ifdef HAVE_SYS_STAT_H
| # include <sys/stat.h>
| #endif
| #ifdef STDC_HEADERS
| # include <stdlib.h>
| # include <stddef.h>
| #else
| # ifdef HAVE_STDLIB_H
| #  include <stdlib.h>
| # endif
| #endif
| #ifdef HAVE_STRING_H
| # if !defined STDC_HEADERS && defined HAVE_MEMORY_H
| #  include <memory.h>
| # endif
| # include <string.h>
| #endif
| #ifdef HAVE_STRINGS_H
| # include <strings.h>
| #endif
| #ifdef HAVE_INTTYPES_H
| # include <inttypes.h>
| #endif
| #ifdef HAVE_STDINT_H
| # include <stdint.h>
| #endif
| #ifdef HAVE_UNISTD_H
| # include <unistd.h>
| #endif
| 
| #include <mach-o/dyld.h>
configure:10175: result: no
configure:10175: checking for dirent.h
configure:10175: gcc -c -g -O2  conftest.c >&5
configure:10175: $? = 0
configure:10175: result: yes
configure:10190: checking for closedir
configure:10190: gcc -o conftest -g -O2   conftest.c  >&5
configure:10190: $? = 0
configure:10190: result: yes
configure:10190: checking for opendir
configure:10190: gcc -o conftest -g -O2   conftest.c  >&5
configure:10190: $? = 0
configure:10190: result: yes
configure:10190: checking for readdir
configure:10190: gcc -o conftest -g -O2   conftest.c  >&5
configure:10190: $? = 0
configure:10190: result: yes
configure:10207: checking for strlcat
configure:10207: gcc -o conftest -g -O2   conftest.c  >&5
/usr/bin/ld: /tmp/cc7k3hFI.o: in function `main':
/home/yulan/JAGS/modules/ZIBG2/conftest.c:80: undefined reference to `strlcat'
collect2: error: ld returned 1 exit status
configure:10207: $? = 1
configure: failed program was:
| /* confdefs.h */
| #define PACKAGE_NAME "JAGS-ZIBG"
| #define PACKAGE_TARNAME "JAGS-ZIBG-MODULE"
| #define PACKAGE_VERSION "1.0"
| #define PACKAGE_STRING "JAGS-ZIBG 1.0"
| #define PACKAGE_BUGREPORT "yulanvanoppen@gmail.com"
| #define PACKAGE_URL ""
| #define PACKAGE "JAGS-ZIBG-MODULE"
| #define VERSION "1.0"
| #define STDC_HEADERS 1
| #define HAVE_SYS_TYPES_H 1
| #define HAVE_SYS_STAT_H 1
| #define HAVE_STDLIB_H 1
| #define HAVE_STRING_H 1
| #define HAVE_MEMORY_H 1
| #define HAVE_STRINGS_H 1
| #define HAVE_INTTYPES_H 1
| #define HAVE_STDINT_H 1
| #define HAVE_UNISTD_H 1
| #define HAVE_DLFCN_H 1
| #define LT_OBJDIR ".libs/"
| #define LT_MODULE_EXT ".so"
| #define LT_MODULE_PATH_VAR "LD_LIBRARY_PATH"
| #define LT_DLSEARCH_PATH "/lib:/usr/lib:/usr/lib/x86_64-linux-gnu/libfakeroot:/usr/local/lib:/usr/local/lib/x86_64-linux-gnu:/lib/x86_64-linux-gnu:/usr/lib/x86_64-linux-gnu:/lib32:/usr/lib32"
| #define HAVE_LIBDL 1
| #define HAVE_DLERROR 1
| #define HAVE_LIBDLLOADER 1
| #define HAVE_ARGZ_H 1
| #define HAVE_ERROR_T 1
| #define HAVE_ARGZ_ADD 1
| #define HAVE_ARGZ_APPEND 1
| #define HAVE_ARGZ_COUNT 1
| #define HAVE_ARGZ_CREATE_SEP 1
| #define HAVE_ARGZ_INSERT 1
| #define HAVE_ARGZ_NEXT 1
| #define HAVE_ARGZ_STRINGIFY 1
| #define HAVE_WORKING_ARGZ 1
| #define HAVE_PRELOADED_SYMBOLS 1
| #define HAVE_LTDL 1
| #define HAVE_UNISTD_H 1
| #define HAVE_DIRENT_H 1
| #define HAVE_CLOSEDIR 1
| #define HAVE_OPENDIR 1
| #define HAVE_READDIR 1
| /* end confdefs.h.  */
| /* Define strlcat to an innocuous variant, in case <limits.h> declares strlcat.
|    For example, HP-UX 11i <limits.h> declares gettimeofday.  */
| #define strlcat innocuous_strlcat
| 
| /* System header to define __stub macros and hopefully few prototypes,
|     which can conflict with char strlcat (); below.
|     Prefer <limits.h> to <assert.h> if __STDC__ is defined, since
|     <limits.h> exists even on freestanding compilers.  */
| 
| #ifdef __STDC__
| # include <limits.h>
| #else
| # include <assert.h>
| #endif
| 
| #undef strlcat
| 
| /* Override any GCC internal prototype to avoid an error.
|    Use char because int might match the return type of a GCC
|    builtin and then its argument prototype would still apply.  */
| #ifdef __cplusplus
| extern "C"
| #endif
| char strlcat ();
| /* The GNU C library defines this for functions which it implements
|     to always fail with ENOSYS.  Some functions are actually named
|     something starting with __ and the normal name is an alias.  */
| #if defined __stub_strlcat || defined __stub___strlcat
| choke me
| #endif
| 
| int
| main ()
| {
| return strlcat ();
|   ;
|   return 0;
| }
configure:10207: result: no
configure:10207: checking for strlcpy
configure:10207: gcc -o conftest -g -O2   conftest.c  >&5
/usr/bin/ld: /tmp/cc3T2D14.o: in function `main':
/home/yulan/JAGS/modules/ZIBG2/conftest.c:80: undefined reference to `strlcpy'
collect2: error: ld returned 1 exit status
configure:10207: $? = 1
configure: failed program was:
| /* confdefs.h */
| #define PACKAGE_NAME "JAGS-ZIBG"
| #define PACKAGE_TARNAME "JAGS-ZIBG-MODULE"
| #define PACKAGE_VERSION "1.0"
| #define PACKAGE_STRING "JAGS-ZIBG 1.0"
| #define PACKAGE_BUGREPORT "yulanvanoppen@gmail.com"
| #define PACKAGE_URL ""
| #define PACKAGE "JAGS-ZIBG-MODULE"
| #define VERSION "1.0"
| #define STDC_HEADERS 1
| #define HAVE_SYS_TYPES_H 1
| #define HAVE_SYS_STAT_H 1
| #define HAVE_STDLIB_H 1
| #define HAVE_STRING_H 1
| #define HAVE_MEMORY_H 1
| #define HAVE_STRINGS_H 1
| #define HAVE_INTTYPES_H 1
| #define HAVE_STDINT_H 1
| #define HAVE_UNISTD_H 1
| #define HAVE_DLFCN_H 1
| #define LT_OBJDIR ".libs/"
| #define LT_MODULE_EXT ".so"
| #define LT_MODULE_PATH_VAR "LD_LIBRARY_PATH"
| #define LT_DLSEARCH_PATH "/lib:/usr/lib:/usr/lib/x86_64-linux-gnu/libfakeroot:/usr/local/lib:/usr/local/lib/x86_64-linux-gnu:/lib/x86_64-linux-gnu:/usr/lib/x86_64-linux-gnu:/lib32:/usr/lib32"
| #define HAVE_LIBDL 1
| #define HAVE_DLERROR 1
| #define HAVE_LIBDLLOADER 1
| #define HAVE_ARGZ_H 1
| #define HAVE_ERROR_T 1
| #define HAVE_ARGZ_ADD 1
| #define HAVE_ARGZ_APPEND 1
| #define HAVE_ARGZ_COUNT 1
| #define HAVE_ARGZ_CREATE_SEP 1
| #define HAVE_ARGZ_INSERT 1
| #define HAVE_ARGZ_NEXT 1
| #define HAVE_ARGZ_STRINGIFY 1
| #define HAVE_WORKING_ARGZ 1
| #define HAVE_PRELOADED_SYMBOLS 1
| #define HAVE_LTDL 1
| #define HAVE_UNISTD_H 1
| #define HAVE_DIRENT_H 1
| #define HAVE_CLOSEDIR 1
| #define HAVE_OPENDIR 1
| #define HAVE_READDIR 1
| /* end confdefs.h.  */
| /* Define strlcpy to an innocuous variant, in case <limits.h> declares strlcpy.
|    For example, HP-UX 11i <limits.h> declares gettimeofday.  */
| #define strlcpy innocuous_strlcpy
| 
| /* System header to define __stub macros and hopefully few prototypes,
|     which can conflict with char strlcpy (); below.
|     Prefer <limits.h> to <assert.h> if __STDC__ is defined, since
|     <limits.h> exists even on freestanding compilers.  */
| 
| #ifdef __STDC__
| # include <limits.h>
| #else
| # include <assert.h>
| #endif
| 
| #undef strlcpy
| 
| /* Override any GCC internal prototype to avoid an error.
|    Use char because int might match the return type of a GCC
|    builtin and then its argument prototype would still apply.  */
| #ifdef __cplusplus
| extern "C"
| #endif
| char strlcpy ();
| /* The GNU C library defines this for functions which it implements
|     to always fail with ENOSYS.  Some functions are actually named
|     something starting with __ and the normal name is an alias.  */
| #if defined __stub_strlcpy || defined __stub___strlcpy
| choke me
| #endif
| 
| int
| main ()
| {
| return strlcpy ();
|   ;
|   return 0;
| }
configure:10207: result: no
configure:10308: checking for g++
configure:10324: found /usr/bin/g++
configure:10335: result: g++
configure:10362: checking for C++ compiler version
configure:10371: g++ --version >&5
g++ (Ubuntu 9.3.0-10ubuntu2) 9.3.0
Copyright (C) 2019 Free Software Foundation, Inc.
This is free software; see the source for copying conditions.  There is NO
warranty; not even for MERCHANTABILITY or FITNESS FOR A PARTICULAR PURPOSE.

configure:10382: $? = 0
configure:10371: g++ -v >&5
Using built-in specs.
COLLECT_GCC=g++
COLLECT_LTO_WRAPPER=/usr/lib/gcc/x86_64-linux-gnu/9/lto-wrapper
OFFLOAD_TARGET_NAMES=nvptx-none:hsa
OFFLOAD_TARGET_DEFAULT=1
Target: x86_64-linux-gnu
Configured with: ../src/configure -v --with-pkgversion='Ubuntu 9.3.0-10ubuntu2' --with-bugurl=file:///usr/share/doc/gcc-9/README.Bugs --enable-languages=c,ada,c++,go,brig,d,fortran,objc,obj-c++,gm2 --prefix=/usr --with-gcc-major-version-only --program-suffix=-9 --program-prefix=x86_64-linux-gnu- --enable-shared --enable-linker-build-id --libexecdir=/usr/lib --without-included-gettext --enable-threads=posix --libdir=/usr/lib --enable-nls --enable-clocale=gnu --enable-libstdcxx-debug --enable-libstdcxx-time=yes --with-default-libstdcxx-abi=new --enable-gnu-unique-object --disable-vtable-verify --enable-plugin --enable-default-pie --with-system-zlib --with-target-system-zlib=auto --enable-objc-gc=auto --enable-multiarch --disable-werror --with-arch-32=i686 --with-abi=m64 --with-multilib-list=m32,m64,mx32 --enable-multilib --with-tune=generic --enable-offload-targets=nvptx-none,hsa --without-cuda-driver --enable-checking=release --build=x86_64-linux-gnu --host=x86_64-linux-gnu --target=x86_64-linux-gnu
Thread model: posix
gcc version 9.3.0 (Ubuntu 9.3.0-10ubuntu2) 
configure:10382: $? = 0
configure:10371: g++ -V >&5
g++: error: unrecognized command line option '-V'
g++: fatal error: no input files
compilation terminated.
configure:10382: $? = 1
configure:10371: g++ -qversion >&5
g++: error: unrecognized command line option '-qversion'; did you mean '--version'?
g++: fatal error: no input files
compilation terminated.
configure:10382: $? = 1
configure:10386: checking whether we are using the GNU C++ compiler
configure:10405: g++ -c   conftest.cpp >&5
configure:10405: $? = 0
configure:10414: result: yes
configure:10423: checking whether g++ accepts -g
configure:10443: g++ -c -g  conftest.cpp >&5
configure:10443: $? = 0
configure:10484: result: yes
configure:10509: checking dependency style of g++
configure:10620: result: gcc3
configure:10653: checking how to run the C++ preprocessor
configure:10680: g++ -E  conftest.cpp
configure:10680: $? = 0
configure:10694: g++ -E  conftest.cpp
conftest.cpp:48:10: fatal error: ac_nonexistent.h: No such file or directory
   48 | #include <ac_nonexistent.h>
      |          ^~~~~~~~~~~~~~~~~~
compilation terminated.
configure:10694: $? = 1
configure: failed program was:
| /* confdefs.h */
| #define PACKAGE_NAME "JAGS-ZIBG"
| #define PACKAGE_TARNAME "JAGS-ZIBG-MODULE"
| #define PACKAGE_VERSION "1.0"
| #define PACKAGE_STRING "JAGS-ZIBG 1.0"
| #define PACKAGE_BUGREPORT "yulanvanoppen@gmail.com"
| #define PACKAGE_URL ""
| #define PACKAGE "JAGS-ZIBG-MODULE"
| #define VERSION "1.0"
| #define STDC_HEADERS 1
| #define HAVE_SYS_TYPES_H 1
| #define HAVE_SYS_STAT_H 1
| #define HAVE_STDLIB_H 1
| #define HAVE_STRING_H 1
| #define HAVE_MEMORY_H 1
| #define HAVE_STRINGS_H 1
| #define HAVE_INTTYPES_H 1
| #define HAVE_STDINT_H 1
| #define HAVE_UNISTD_H 1
| #define HAVE_DLFCN_H 1
| #define LT_OBJDIR ".libs/"
| #define LT_MODULE_EXT ".so"
| #define LT_MODULE_PATH_VAR "LD_LIBRARY_PATH"
| #define LT_DLSEARCH_PATH "/lib:/usr/lib:/usr/lib/x86_64-linux-gnu/libfakeroot:/usr/local/lib:/usr/local/lib/x86_64-linux-gnu:/lib/x86_64-linux-gnu:/usr/lib/x86_64-linux-gnu:/lib32:/usr/lib32"
| #define HAVE_LIBDL 1
| #define HAVE_DLERROR 1
| #define HAVE_LIBDLLOADER 1
| #define HAVE_ARGZ_H 1
| #define HAVE_ERROR_T 1
| #define HAVE_ARGZ_ADD 1
| #define HAVE_ARGZ_APPEND 1
| #define HAVE_ARGZ_COUNT 1
| #define HAVE_ARGZ_CREATE_SEP 1
| #define HAVE_ARGZ_INSERT 1
| #define HAVE_ARGZ_NEXT 1
| #define HAVE_ARGZ_STRINGIFY 1
| #define HAVE_WORKING_ARGZ 1
| #define HAVE_PRELOADED_SYMBOLS 1
| #define HAVE_LTDL 1
| #define HAVE_UNISTD_H 1
| #define HAVE_DIRENT_H 1
| #define HAVE_CLOSEDIR 1
| #define HAVE_OPENDIR 1
| #define HAVE_READDIR 1
| #define LT_LIBEXT "a"
| #define LT_LIBPREFIX "lib"
| /* end confdefs.h.  */
| #include <ac_nonexistent.h>
configure:10719: result: g++ -E
configure:10739: g++ -E  conftest.cpp
configure:10739: $? = 0
configure:10753: g++ -E  conftest.cpp
conftest.cpp:48:10: fatal error: ac_nonexistent.h: No such file or directory
   48 | #include <ac_nonexistent.h>
      |          ^~~~~~~~~~~~~~~~~~
compilation terminated.
configure:10753: $? = 1
configure: failed program was:
| /* confdefs.h */
| #define PACKAGE_NAME "JAGS-ZIBG"
| #define PACKAGE_TARNAME "JAGS-ZIBG-MODULE"
| #define PACKAGE_VERSION "1.0"
| #define PACKAGE_STRING "JAGS-ZIBG 1.0"
| #define PACKAGE_BUGREPORT "yulanvanoppen@gmail.com"
| #define PACKAGE_URL ""
| #define PACKAGE "JAGS-ZIBG-MODULE"
| #define VERSION "1.0"
| #define STDC_HEADERS 1
| #define HAVE_SYS_TYPES_H 1
| #define HAVE_SYS_STAT_H 1
| #define HAVE_STDLIB_H 1
| #define HAVE_STRING_H 1
| #define HAVE_MEMORY_H 1
| #define HAVE_STRINGS_H 1
| #define HAVE_INTTYPES_H 1
| #define HAVE_STDINT_H 1
| #define HAVE_UNISTD_H 1
| #define HAVE_DLFCN_H 1
| #define LT_OBJDIR ".libs/"
| #define LT_MODULE_EXT ".so"
| #define LT_MODULE_PATH_VAR "LD_LIBRARY_PATH"
| #define LT_DLSEARCH_PATH "/lib:/usr/lib:/usr/lib/x86_64-linux-gnu/libfakeroot:/usr/local/lib:/usr/local/lib/x86_64-linux-gnu:/lib/x86_64-linux-gnu:/usr/lib/x86_64-linux-gnu:/lib32:/usr/lib32"
| #define HAVE_LIBDL 1
| #define HAVE_DLERROR 1
| #define HAVE_LIBDLLOADER 1
| #define HAVE_ARGZ_H 1
| #define HAVE_ERROR_T 1
| #define HAVE_ARGZ_ADD 1
| #define HAVE_ARGZ_APPEND 1
| #define HAVE_ARGZ_COUNT 1
| #define HAVE_ARGZ_CREATE_SEP 1
| #define HAVE_ARGZ_INSERT 1
| #define HAVE_ARGZ_NEXT 1
| #define HAVE_ARGZ_STRINGIFY 1
| #define HAVE_WORKING_ARGZ 1
| #define HAVE_PRELOADED_SYMBOLS 1
| #define HAVE_LTDL 1
| #define HAVE_UNISTD_H 1
| #define HAVE_DIRENT_H 1
| #define HAVE_CLOSEDIR 1
| #define HAVE_OPENDIR 1
| #define HAVE_READDIR 1
| #define LT_LIBEXT "a"
| #define LT_LIBPREFIX "lib"
| /* end confdefs.h.  */
| #include <ac_nonexistent.h>
configure:10915: checking for ld used by g++
configure:10982: result: /usr/bin/ld -m elf_x86_64
configure:10989: checking if the linker (/usr/bin/ld -m elf_x86_64) is GNU ld
configure:11004: result: yes
configure:11059: checking whether the g++ linker (/usr/bin/ld -m elf_x86_64) supports shared libraries
configure:12132: result: yes
configure:12168: g++ -c -g -O2  conftest.cpp >&5
configure:12171: $? = 0
configure:12652: checking for g++ option to produce PIC
configure:12659: result: -fPIC -DPIC
configure:12667: checking if g++ PIC flag -fPIC -DPIC works
configure:12685: g++ -c -g -O2  -fPIC -DPIC -DPIC conftest.cpp >&5
configure:12689: $? = 0
configure:12702: result: yes
configure:12725: checking if g++ static flag -static works
configure:12753: result: yes
configure:12765: checking if g++ supports -c -o file.o
configure:12786: g++ -c -g -O2  -o out/conftest2.o conftest.cpp >&5
configure:12790: $? = 0
configure:12812: result: yes
configure:12817: checking if g++ supports -c -o file.o
configure:12864: result: yes
configure:12894: checking whether the g++ linker (/usr/bin/ld -m elf_x86_64) supports shared libraries
configure:12937: result: yes
configure:13078: checking dynamic linker characteristics
configure:13835: result: GNU/Linux ld.so
configure:13900: checking how to hardcode library paths into programs
configure:13925: result: immediate
configure:12919: checking that generated files are newer than configure
configure:12925: result: done
configure:12981: creating ./config.status

## ---------------------- ##
## Running config.status. ##
## ---------------------- ##

This file was extended by JAGS-ZIBG config.status 1.0, which was
generated by GNU Autoconf 2.69.  Invocation command line was

  CONFIG_FILES    = 
  CONFIG_HEADERS  = 
  CONFIG_LINKS    = 
  CONFIG_COMMANDS = 
  $ ./config.status 

on yulan-MS-7B79

config.status:1199: creating Makefile
config.status:1199: creating libltdl/Makefile
config.status:1199: creating src/Makefile
config.status:1199: creating src/distributions/Makefile
config.status:1199: creating config.h
config.status:1380: config.h is unchanged
config.status:1428: executing depfiles commands
config.status:1505: cd libltdl       && sed -e '/# am--include-marker/d' Makefile         | make -f - am--depfiles
make: Nothing to be done for 'am--depfiles'.
config.status:1510: $? = 0
config.status:1505: cd src       && sed -e '/# am--include-marker/d' Makefile         | make -f - am--depfiles
make: Nothing to be done for 'am--depfiles'.
config.status:1510: $? = 0
config.status:1505: cd src/distributions       && sed -e '/# am--include-marker/d' Makefile         | make -f - am--depfiles
make: Nothing to be done for 'am--depfiles'.
config.status:1510: $? = 0
config.status:1428: executing libtool commands

## ---------------- ##
## Cache variables. ##
## ---------------- ##

ac_cv_build=x86_64-pc-linux-gnu
ac_cv_c_compiler_gnu=yes
ac_cv_cxx_compiler_gnu=yes
ac_cv_env_CCC_set=
ac_cv_env_CCC_value=
ac_cv_env_CC_set=
ac_cv_env_CC_value=
ac_cv_env_CFLAGS_set=
ac_cv_env_CFLAGS_value=
ac_cv_env_CPPFLAGS_set=
ac_cv_env_CPPFLAGS_value=
ac_cv_env_CPP_set=
ac_cv_env_CPP_value=
ac_cv_env_CXXCPP_set=
ac_cv_env_CXXCPP_value=
ac_cv_env_CXXFLAGS_set=
ac_cv_env_CXXFLAGS_value=
ac_cv_env_CXX_set=
ac_cv_env_CXX_value=
ac_cv_env_LDFLAGS_set=
ac_cv_env_LDFLAGS_value=
ac_cv_env_LIBS_set=
ac_cv_env_LIBS_value=
ac_cv_env_LT_SYS_LIBRARY_PATH_set=
ac_cv_env_LT_SYS_LIBRARY_PATH_value=
ac_cv_env_build_alias_set=
ac_cv_env_build_alias_value=
ac_cv_env_host_alias_set=
ac_cv_env_host_alias_value=
ac_cv_env_target_alias_set=
ac_cv_env_target_alias_value=
ac_cv_func_argz_add=yes
ac_cv_func_argz_append=yes
ac_cv_func_argz_count=yes
ac_cv_func_argz_create_sep=yes
ac_cv_func_argz_insert=yes
ac_cv_func_argz_next=yes
ac_cv_func_argz_stringify=yes
ac_cv_func_closedir=yes
ac_cv_func_dlerror=yes
ac_cv_func_dlopen=no
ac_cv_func_opendir=yes
ac_cv_func_readdir=yes
ac_cv_func_shl_load=no
ac_cv_func_strlcat=no
ac_cv_func_strlcpy=no
ac_cv_have_decl_lt_dlinterface_register=yes
ac_cv_header_argz_h=yes
ac_cv_header_dirent_h=yes
ac_cv_header_dl_h=no
ac_cv_header_dld_h=no
ac_cv_header_dlfcn_h=yes
ac_cv_header_inttypes_h=yes
ac_cv_header_ltdl_h=yes
ac_cv_header_mach_o_dyld_h=no
ac_cv_header_memory_h=yes
ac_cv_header_stdc=yes
ac_cv_header_stdint_h=yes
ac_cv_header_stdlib_h=yes
ac_cv_header_string_h=yes
ac_cv_header_strings_h=yes
ac_cv_header_sys_dl_h=no
ac_cv_header_sys_stat_h=yes
ac_cv_header_sys_types_h=yes
ac_cv_header_unistd_h=yes
ac_cv_host=x86_64-pc-linux-gnu
ac_cv_lib_dl_dlopen=yes
ac_cv_lib_dld_dld_link=no
ac_cv_lib_dld_shl_load=no
ac_cv_lib_ltdl_lt_dladvise_preload=yes
ac_cv_objext=o
ac_cv_path_EGREP='/bin/grep -E'
ac_cv_path_FGREP='/bin/grep -F'
ac_cv_path_GREP=/bin/grep
ac_cv_path_SED=/bin/sed
ac_cv_path_install='/usr/bin/install -c'
ac_cv_path_lt_DD=/bin/dd
ac_cv_path_mkdir=/bin/mkdir
ac_cv_prog_AWK=mawk
ac_cv_prog_CPP='gcc -E'
ac_cv_prog_CXXCPP='g++ -E'
ac_cv_prog_ac_ct_AR=ar
ac_cv_prog_ac_ct_CC=gcc
ac_cv_prog_ac_ct_CXX=g++
ac_cv_prog_ac_ct_MANIFEST_TOOL=mt
ac_cv_prog_ac_ct_OBJDUMP=objdump
ac_cv_prog_ac_ct_RANLIB=ranlib
ac_cv_prog_ac_ct_STRIP=strip
ac_cv_prog_cc_c89=
ac_cv_prog_cc_g=yes
ac_cv_prog_cxx_g=yes
ac_cv_prog_make_make_set=yes
ac_cv_search_dlopen=-ldl
ac_cv_type_error_t=yes
am_cv_CC_dependencies_compiler_type=gcc3
am_cv_CXX_dependencies_compiler_type=gcc3
am_cv_make_support_nested_variables=yes
am_cv_prog_cc_c_o=yes
libltdl_cv_lib_dl_dlopen=yes
libltdl_cv_preloaded_symbols=yes
libltdl_cv_shlibext=.so
libltdl_cv_shrext=.so
lt_cv_ar_at_file=@
lt_cv_archive_cmds_need_lc=no
lt_cv_deplibs_check_method=pass_all
lt_cv_dlopen=dlopen
lt_cv_dlopen_libs=-ldl
lt_cv_dlopen_self=yes
lt_cv_dlopen_self_static=no
lt_cv_file_magic_cmd='$MAGIC_CMD'
lt_cv_file_magic_test_file=
lt_cv_ld_reload_flag=-r
lt_cv_module_path_var=LD_LIBRARY_PATH
lt_cv_nm_interface='BSD nm'
lt_cv_objdir=.libs
lt_cv_path_LD=/usr/bin/ld
lt_cv_path_LDCXX='/usr/bin/ld -m elf_x86_64'
lt_cv_path_NM='/usr/bin/nm -B'
lt_cv_path_mainfest_tool=no
lt_cv_prog_compiler_c_o=yes
lt_cv_prog_compiler_c_o_CXX=yes
lt_cv_prog_compiler_pic='-fPIC -DPIC'
lt_cv_prog_compiler_pic_CXX='-fPIC -DPIC'
lt_cv_prog_compiler_pic_works=yes
lt_cv_prog_compiler_pic_works_CXX=yes
lt_cv_prog_compiler_rtti_exceptions=no
lt_cv_prog_compiler_static_works=yes
lt_cv_prog_compiler_static_works_CXX=yes
lt_cv_prog_gnu_ld=yes
lt_cv_prog_gnu_ldcxx=yes
lt_cv_sharedlib_from_linklib_cmd='printf %s\n'
lt_cv_shlibpath_overrides_runpath=yes
lt_cv_sys_argz_works=yes
lt_cv_sys_dlopen_deplibs=yes
lt_cv_sys_dlsearch_path='/lib /usr/lib /usr/lib/x86_64-linux-gnu/libfakeroot /usr/local/lib /usr/local/lib/x86_64-linux-gnu /lib/x86_64-linux-gnu /usr/lib/x86_64-linux-gnu /lib32 /usr/lib32 '
lt_cv_sys_global_symbol_pipe='sed -n -e '\''s/^.*[	 ]\([ABCDGIRSTW][ABCDGIRSTW]*\)[	 ][	 ]*\([_A-Za-z][_A-Za-z0-9]*\)$/\1 \2 \2/p'\'' | sed '\''/ __gnu_lto/d'\'''
lt_cv_sys_global_symbol_to_c_name_address='sed -n -e '\''s/^: \(.*\) .*$/  {"\1", (void *) 0},/p'\'' -e '\''s/^[ABCDGIRSTW][ABCDGIRSTW]* .* \(.*\)$/  {"\1", (void *) \&\1},/p'\'''
lt_cv_sys_global_symbol_to_c_name_address_lib_prefix='sed -n -e '\''s/^: \(.*\) .*$/  {"\1", (void *) 0},/p'\'' -e '\''s/^[ABCDGIRSTW][ABCDGIRSTW]* .* \(lib.*\)$/  {"\1", (void *) \&\1},/p'\'' -e '\''s/^[ABCDGIRSTW][ABCDGIRSTW]* .* \(.*\)$/  {"lib\1", (void *) \&\1},/p'\'''
lt_cv_sys_global_symbol_to_cdecl='sed -n -e '\''s/^T .* \(.*\)$/extern int \1();/p'\'' -e '\''s/^[ABCDGIRSTW][ABCDGIRSTW]* .* \(.*\)$/extern char \1;/p'\'''
lt_cv_sys_global_symbol_to_import=
lt_cv_sys_max_cmd_len=1572864
lt_cv_sys_symbol_underscore=no
lt_cv_to_host_file_cmd=func_convert_file_noop
lt_cv_to_tool_file_cmd=func_convert_file_noop
lt_cv_truncate_bin='/bin/dd bs=4096 count=1'

## ----------------- ##
## Output variables. ##
## ----------------- ##

ACLOCAL='${SHELL} /home/yulan/JAGS/modules/ZIBG2/missing aclocal-1.16'
AMDEPBACKSLASH='\'
AMDEP_FALSE='#'
AMDEP_TRUE=''
AMTAR='$${TAR-tar}'
AM_BACKSLASH='\'
AM_DEFAULT_V='$(AM_DEFAULT_VERBOSITY)'
AM_DEFAULT_VERBOSITY='1'
AM_V='$(V)'
AR='ar'
AS='as'
AUTOCONF='${SHELL} /home/yulan/JAGS/modules/ZIBG2/missing autoconf'
AUTOHEADER='${SHELL} /home/yulan/JAGS/modules/ZIBG2/missing autoheader'
AUTOMAKE='${SHELL} /home/yulan/JAGS/modules/ZIBG2/missing automake-1.16'
AWK='mawk'
CC='gcc'
CCDEPMODE='depmode=gcc3'
CFLAGS='-g -O2'
CONVENIENCE_LTDL_FALSE='#'
CONVENIENCE_LTDL_TRUE=''
CPP='gcc -E'
CPPFLAGS=''
CXX='g++'
CXXCPP='g++ -E'
CXXDEPMODE='depmode=gcc3'
CXXFLAGS='-g -O2'
CYGPATH_W='echo'
DEFS='-DHAVE_CONFIG_H'
DEPDIR='.deps'
DLLTOOL='false'
DSYMUTIL=''
DUMPBIN=''
ECHO_C=''
ECHO_N='-n'
ECHO_T=''
EGREP='/bin/grep -E'
EXEEXT=''
FGREP='/bin/grep -F'
GREP='/bin/grep'
INCLTDL=''
INSTALL_DATA='${INSTALL} -m 644'
INSTALL_LTDL_FALSE=''
INSTALL_LTDL_TRUE='#'
INSTALL_PROGRAM='${INSTALL}'
INSTALL_SCRIPT='${INSTALL}'
INSTALL_STRIP_PROGRAM='$(install_sh) -c -s'
JAGS_MAJOR='4'
JAGS_MINOR='3'
LD='/usr/bin/ld -m elf_x86_64'
LDFLAGS=''
LIBADD_DL='-ldl '
LIBADD_DLD_LINK=''
LIBADD_DLOPEN='-ldl'
LIBADD_SHL_LOAD=''
LIBLTDL='-lltdl'
LIBOBJS=''
LIBS=''
LIBTOOL='$(SHELL) $(top_builddir)/libtool'
LIPO=''
LN_S='ln -s'
LTDLDEPS=''
LTDLINCL=''
LTDLOPEN='libltdl'
LTLIBOBJS=''
LT_ARGZ_H=''
LT_CONFIG_H='config.h'
LT_DLLOADERS=' dlopen.la'
LT_DLPREOPEN='-dlpreopen dlopen.la '
LT_SYS_LIBRARY_PATH=''
MAKEINFO='${SHELL} /home/yulan/JAGS/modules/ZIBG2/missing makeinfo'
MANIFEST_TOOL=':'
MKDIR_P='/bin/mkdir -p'
NM='/usr/bin/nm -B'
NMEDIT=''
OBJDUMP='objdump'
OBJEXT='o'
OTOOL64=''
OTOOL=''
PACKAGE='JAGS-ZIBG-MODULE'
PACKAGE_BUGREPORT='yulanvanoppen@gmail.com'
PACKAGE_NAME='JAGS-ZIBG'
PACKAGE_STRING='JAGS-ZIBG 1.0'
PACKAGE_TARNAME='JAGS-ZIBG-MODULE'
PACKAGE_URL=''
PACKAGE_VERSION='1.0'
PATH_SEPARATOR=':'
RANLIB='ranlib'
SED='/bin/sed'
SET_MAKE=''
SHELL='/bin/bash'
STRIP='strip'
VERSION='1.0'
WINDOWS_FALSE=''
WINDOWS_TRUE='#'
ac_ct_AR='ar'
ac_ct_CC='gcc'
ac_ct_CXX='g++'
ac_ct_DUMPBIN=''
am__EXEEXT_FALSE=''
am__EXEEXT_TRUE='#'
am__fastdepCC_FALSE='#'
am__fastdepCC_TRUE=''
am__fastdepCXX_FALSE='#'
am__fastdepCXX_TRUE=''
am__include='include'
am__isrc=''
am__leading_dot='.'
am__nodep='_no'
am__quote=''
am__tar='$${TAR-tar} chof - "$$tardir"'
am__untar='$${TAR-tar} xf -'
bindir='${exec_prefix}/bin'
build='x86_64-pc-linux-gnu'
build_alias=''
build_cpu='x86_64'
build_os='linux-gnu'
build_vendor='pc'
datadir='${datarootdir}'
datarootdir='${prefix}/share'
docdir='${datarootdir}/doc/${PACKAGE_TARNAME}'
dvidir='${docdir}'
exec_prefix='${prefix}'
host='x86_64-pc-linux-gnu'
host_alias=''
host_cpu='x86_64'
host_os='linux-gnu'
host_vendor='pc'
htmldir='${docdir}'
includedir='${prefix}/include'
infodir='${datarootdir}/info'
install_sh='${SHELL} /home/yulan/JAGS/modules/ZIBG2/install-sh'
jagsmoddir='/usr/lib/x86_64-linux-gnu/JAGS/modules-4'
libdir='${exec_prefix}/lib'
libexecdir='${exec_prefix}/libexec'
localedir='${datarootdir}/locale'
localstatedir='${prefix}/var'
ltdl_LIBOBJS=' lt__strl.o'
ltdl_LTLIBOBJS=' lt__strl.lo'
mandir='${datarootdir}/man'
mkdir_p='$(MKDIR_P)'
oldincludedir='/usr/include'
pdfdir='${docdir}'
prefix='/usr/local'
program_transform_name='s,x,x,'
psdir='${docdir}'
runstatedir='${localstatedir}/run'
sbindir='${exec_prefix}/sbin'
sharedstatedir='${prefix}/com'
sys_symbol_underscore='no'
sysconfdir='${prefix}/etc'
target_alias=''

## ----------- ##
## confdefs.h. ##
## ----------- ##

/* confdefs.h */
#define PACKAGE_NAME "JAGS-ZIBG"
#define PACKAGE_TARNAME "JAGS-ZIBG-MODULE"
#define PACKAGE_VERSION "1.0"
#define PACKAGE_STRING "JAGS-ZIBG 1.0"
#define PACKAGE_BUGREPORT "yulanvanoppen@gmail.com"
#define PACKAGE_URL ""
#define PACKAGE "JAGS-ZIBG-MODULE"
#define VERSION "1.0"
#define STDC_HEADERS 1
#define HAVE_SYS_TYPES_H 1
#define HAVE_SYS_STAT_H 1
#define HAVE_STDLIB_H 1
#define HAVE_STRING_H 1
#define HAVE_MEMORY_H 1
#define HAVE_STRINGS_H 1
#define HAVE_INTTYPES_H 1
#define HAVE_STDINT_H 1
#define HAVE_UNISTD_H 1
#define HAVE_DLFCN_H 1
#define LT_OBJDIR ".libs/"
#define LT_MODULE_EXT ".so"
#define LT_MODULE_PATH_VAR "LD_LIBRARY_PATH"
#define LT_DLSEARCH_PATH "/lib:/usr/lib:/usr/lib/x86_64-linux-gnu/libfakeroot:/usr/local/lib:/usr/local/lib/x86_64-linux-gnu:/lib/x86_64-linux-gnu:/usr/lib/x86_64-linux-gnu:/lib32:/usr/lib32"
#define HAVE_LIBDL 1
#define HAVE_DLERROR 1
#define HAVE_LIBDLLOADER 1
#define HAVE_ARGZ_H 1
#define HAVE_ERROR_T 1
#define HAVE_ARGZ_ADD 1
#define HAVE_ARGZ_APPEND 1
#define HAVE_ARGZ_COUNT 1
#define HAVE_ARGZ_CREATE_SEP 1
#define HAVE_ARGZ_INSERT 1
#define HAVE_ARGZ_NEXT 1
#define HAVE_ARGZ_STRINGIFY 1
#define HAVE_WORKING_ARGZ 1
#define HAVE_PRELOADED_SYMBOLS 1
#define HAVE_LTDL 1
#define HAVE_UNISTD_H 1
#define HAVE_DIRENT_H 1
#define HAVE_CLOSEDIR 1
#define HAVE_OPENDIR 1
#define HAVE_READDIR 1
#define LT_LIBEXT "a"
#define LT_LIBPREFIX "lib"

configure: exit 0
